<?xml version="1.0" encoding="UTF-8"?>
<robot generator="Robot 7.0 (Python 3.10.12 on linux)" generated="2024-05-19T20:00:41.421903" rpa="false" schemaversion="5">
<suite id="s1" name="Billpay Tests" source="/home/victor-dev/Área de Trabalho/test-parabank/tests/contas/billpay_tests.robot">
<test id="s1-t1" name="Pagamento de conta com sucesso" line="12">
<kw name="Open Browser" owner="SeleniumLibrary">
<msg time="2024-05-19T20:00:41.501277" level="INFO">Opening browser 'chrome' to base url 'https://parabank.parasoft.com/parabank/index.htm'.</msg>
<arg>${LOGIN_URL}</arg>
<arg>${BROWSER}</arg>
<doc>Opens a new browser instance to the optional ``url``.</doc>
<status status="PASS" start="2024-05-19T20:00:41.501074" elapsed="14.844129"/>
</kw>
<kw name="Input Username" owner="login_keywords">
<kw name="Input Text" owner="SeleniumLibrary">
<msg time="2024-05-19T20:00:56.348236" level="INFO">Typing text 'john' into text field 'name=username'.</msg>
<arg>name=username</arg>
<arg>${username}</arg>
<doc>Types the given ``text`` into the text field identified by ``locator``.</doc>
<status status="PASS" start="2024-05-19T20:00:56.347498" elapsed="0.056630"/>
</kw>
<arg>${VALID_USERNAME}</arg>
<status status="PASS" start="2024-05-19T20:00:56.346409" elapsed="0.058129"/>
</kw>
<kw name="Input Password" owner="login_keywords">
<kw name="Input Text" owner="SeleniumLibrary">
<msg time="2024-05-19T20:00:56.405256" level="INFO">Typing text 'demo' into text field 'name=password'.</msg>
<arg>name=password</arg>
<arg>${password}</arg>
<doc>Types the given ``text`` into the text field identified by ``locator``.</doc>
<status status="PASS" start="2024-05-19T20:00:56.405067" elapsed="0.052892"/>
</kw>
<arg>${VALID_PASSWORD}</arg>
<status status="PASS" start="2024-05-19T20:00:56.404776" elapsed="0.053310"/>
</kw>
<kw name="Click Login Button" owner="login_keywords">
<kw name="Click Button" owner="SeleniumLibrary">
<msg time="2024-05-19T20:00:56.458710" level="INFO">Clicking button 'css=input[type="submit"]'.</msg>
<arg>css=input[type="submit"]</arg>
<doc>Clicks the button identified by ``locator``.</doc>
<status status="PASS" start="2024-05-19T20:00:56.458555" elapsed="2.449050"/>
</kw>
<status status="PASS" start="2024-05-19T20:00:56.458318" elapsed="2.449552"/>
</kw>
<kw name="Login Should Be Successful" owner="login_keywords">
<kw name="Element Should Be Visible" owner="SeleniumLibrary">
<msg time="2024-05-19T20:00:58.935755" level="INFO">Element 'xpath=//a[contains(text(),'Log Out')]' is displayed.</msg>
<arg>xpath=//a[contains(text(),'Log Out')]</arg>
<doc>Verifies that the element identified by ``locator`` is visible.</doc>
<status status="PASS" start="2024-05-19T20:00:58.909053" elapsed="0.026822"/>
</kw>
<status status="PASS" start="2024-05-19T20:00:58.908408" elapsed="0.027584"/>
</kw>
<kw name="Sleep" owner="BuiltIn">
<msg time="2024-05-19T20:01:01.936777" level="INFO">Slept 3 seconds.</msg>
<arg>3s</arg>
<doc>Pauses the test executed for the given time.</doc>
<status status="PASS" start="2024-05-19T20:00:58.936195" elapsed="3.000857"/>
</kw>
<kw name="Go To Bill Pay Page" owner="billpay_keywords">
<kw name="Go To" owner="SeleniumLibrary">
<msg time="2024-05-19T20:01:01.939121" level="INFO">Opening url 'https://parabank.parasoft.com/parabank/billpay.htm'</msg>
<arg>https://parabank.parasoft.com/parabank/billpay.htm</arg>
<doc>Navigates the current browser window to the provided ``url``.</doc>
<status status="PASS" start="2024-05-19T20:01:01.938525" elapsed="2.226264"/>
</kw>
<status status="PASS" start="2024-05-19T20:01:01.937780" elapsed="2.227219"/>
</kw>
<kw name="Input Bill Pay Details" owner="billpay_keywords">
<kw name="Input Text" owner="SeleniumLibrary">
<msg time="2024-05-19T20:01:04.166610" level="INFO">Typing text 'Payee' into text field 'css=input[name='payee.name']'.</msg>
<arg>css=input[name='payee.name']</arg>
<arg>${payee_name}</arg>
<doc>Types the given ``text`` into the text field identified by ``locator``.</doc>
<status status="PASS" start="2024-05-19T20:01:04.166217" elapsed="0.056404"/>
</kw>
<kw name="Input Text" owner="SeleniumLibrary">
<msg time="2024-05-19T20:01:04.223076" level="INFO">Typing text '123 Street' into text field 'css=input[name='payee.address.street']'.</msg>
<arg>css=input[name='payee.address.street']</arg>
<arg>${address}</arg>
<doc>Types the given ``text`` into the text field identified by ``locator``.</doc>
<status status="PASS" start="2024-05-19T20:01:04.222831" elapsed="0.062135"/>
</kw>
<kw name="Input Text" owner="SeleniumLibrary">
<msg time="2024-05-19T20:01:04.285775" level="INFO">Typing text 'City' into text field 'css=input[name='payee.address.city']'.</msg>
<arg>css=input[name='payee.address.city']</arg>
<arg>${city}</arg>
<doc>Types the given ``text`` into the text field identified by ``locator``.</doc>
<status status="PASS" start="2024-05-19T20:01:04.285297" elapsed="0.047290"/>
</kw>
<kw name="Input Text" owner="SeleniumLibrary">
<msg time="2024-05-19T20:01:04.333547" level="INFO">Typing text 'State' into text field 'css=input[name='payee.address.state']'.</msg>
<arg>css=input[name='payee.address.state']</arg>
<arg>${state}</arg>
<doc>Types the given ``text`` into the text field identified by ``locator``.</doc>
<status status="PASS" start="2024-05-19T20:01:04.332882" elapsed="0.050607"/>
</kw>
<kw name="Input Text" owner="SeleniumLibrary">
<msg time="2024-05-19T20:01:04.384198" level="INFO">Typing text '12345' into text field 'css=input[name='payee.address.zipCode']'.</msg>
<arg>css=input[name='payee.address.zipCode']</arg>
<arg>${zip_code}</arg>
<doc>Types the given ``text`` into the text field identified by ``locator``.</doc>
<status status="PASS" start="2024-05-19T20:01:04.383804" elapsed="0.051474"/>
</kw>
<kw name="Input Text" owner="SeleniumLibrary">
<msg time="2024-05-19T20:01:04.436170" level="INFO">Typing text '555-1234' into text field 'css=input[name='payee.phoneNumber']'.</msg>
<arg>css=input[name='payee.phoneNumber']</arg>
<arg>${phone}</arg>
<doc>Types the given ``text`` into the text field identified by ``locator``.</doc>
<status status="PASS" start="2024-05-19T20:01:04.435698" elapsed="0.046694"/>
</kw>
<kw name="Input Text" owner="SeleniumLibrary">
<msg time="2024-05-19T20:01:04.483159" level="INFO">Typing text '987654321' into text field 'css=input[name='payee.accountNumber']'.</msg>
<arg>css=input[name='payee.accountNumber']</arg>
<arg>${account}</arg>
<doc>Types the given ``text`` into the text field identified by ``locator``.</doc>
<status status="PASS" start="2024-05-19T20:01:04.482736" elapsed="0.043354"/>
</kw>
<kw name="Input Text" owner="SeleniumLibrary">
<msg time="2024-05-19T20:01:04.526816" level="INFO">Typing text '987654321' into text field 'css=input[name='verifyAccount']'.</msg>
<arg>css=input[name='verifyAccount']</arg>
<arg>${account}</arg>
<doc>Types the given ``text`` into the text field identified by ``locator``.</doc>
<status status="PASS" start="2024-05-19T20:01:04.526432" elapsed="0.048334"/>
</kw>
<kw name="Input Text" owner="SeleniumLibrary">
<msg time="2024-05-19T20:01:04.575304" level="INFO">Typing text '100' into text field 'css=input[name='amount']'.</msg>
<arg>css=input[name='amount']</arg>
<arg>${amount}</arg>
<doc>Types the given ``text`` into the text field identified by ``locator``.</doc>
<status status="PASS" start="2024-05-19T20:01:04.575035" elapsed="0.043819"/>
</kw>
<kw name="Select From List By Value" owner="SeleniumLibrary">
<msg time="2024-05-19T20:01:04.619543" level="INFO">Selecting options from selection list 'css=select[name='fromAccountId']' by value 13344.</msg>
<arg>css=select[name='fromAccountId']</arg>
<arg>${from_account}</arg>
<doc>Selects options from selection list ``locator`` by ``values``.</doc>
<status status="PASS" start="2024-05-19T20:01:04.619164" elapsed="0.047008"/>
</kw>
<kw name="Click Button" owner="SeleniumLibrary">
<msg time="2024-05-19T20:01:04.666744" level="INFO">Clicking button 'xpath=//input[@type='button' and @value='Send Payment']'.</msg>
<arg>xpath=//input[@type='button' and @value='Send Payment']</arg>
<doc>Clicks the button identified by ``locator``.</doc>
<status status="PASS" start="2024-05-19T20:01:04.666459" elapsed="0.037027"/>
</kw>
<arg>Payee</arg>
<arg>123 Street</arg>
<arg>City</arg>
<arg>State</arg>
<arg>12345</arg>
<arg>555-1234</arg>
<arg>987654321</arg>
<arg>100</arg>
<arg>${FROM_ACCOUNT}</arg>
<status status="PASS" start="2024-05-19T20:01:04.165347" elapsed="0.538392"/>
</kw>
<kw name="Sleep" owner="BuiltIn">
<msg time="2024-05-19T20:01:07.705061" level="INFO">Slept 3 seconds.</msg>
<arg>3s</arg>
<doc>Pauses the test executed for the given time.</doc>
<status status="PASS" start="2024-05-19T20:01:04.704085" elapsed="3.001247"/>
</kw>
<kw name="Bill Pay Should Be Successful" owner="billpay_keywords">
<kw name="Element Should Be Visible" owner="SeleniumLibrary">
<msg time="2024-05-19T20:01:07.743171" level="INFO">Element 'xpath=//h1[contains(text(),'Bill Payment Complete')]' is displayed.</msg>
<arg>xpath=//h1[contains(text(),'Bill Payment Complete')]</arg>
<doc>Verifies that the element identified by ``locator`` is visible.</doc>
<status status="PASS" start="2024-05-19T20:01:07.706892" elapsed="0.036435"/>
</kw>
<status status="PASS" start="2024-05-19T20:01:07.706114" elapsed="0.037374"/>
</kw>
<doc>Testa o pagamento de uma conta com valores válidos</doc>
<tag>BillPay Sucesso</tag>
<status status="PASS" start="2024-05-19T20:00:41.500310" elapsed="26.243443"/>
</test>
<doc>Testes de pagamento de contas do ParaBank</doc>
<status status="PASS" start="2024-05-19T20:00:41.422602" elapsed="26.321766"/>
</suite>
<statistics>
<total>
<stat pass="1" fail="0" skip="0">All Tests</stat>
</total>
<tag>
<stat pass="1" fail="0" skip="0">BillPay Sucesso</stat>
</tag>
<suite>
<stat pass="1" fail="0" skip="0" id="s1" name="Billpay Tests">Billpay Tests</stat>
</suite>
</statistics>
<errors>
</errors>
</robot>
